{
  "stats": {
    "suites": 1,
    "tests": 2,
    "passes": 2,
    "pending": 0,
    "failures": 0,
    "start": "2025-12-26T08:30:21.727Z",
    "end": "2025-12-26T08:30:29.302Z",
    "duration": 7575,
    "testsRegistered": 2,
    "passPercent": 100,
    "pendingPercent": 0,
    "other": 0,
    "hasOther": false,
    "skipped": 0,
    "hasSkipped": false
  },
  "results": [
    {
      "uuid": "daf84832-0a49-4301-8c77-9eca64cbcf11",
      "title": "",
      "fullFile": "C:\\laragon\\www\\WebUIAutomation1\\test\\saucedemo.spec.js",
      "file": "\\test\\saucedemo.spec.js",
      "beforeHooks": [],
      "afterHooks": [],
      "tests": [],
      "suites": [
        {
          "uuid": "ddc21a3f-737c-43bf-a77c-0767f5ce7056",
          "title": "Tugas Sesi 9 - Web UI Automation Fundamental",
          "fullFile": "C:\\laragon\\www\\WebUIAutomation1\\test\\saucedemo.spec.js",
          "file": "\\test\\saucedemo.spec.js",
          "beforeHooks": [
            {
              "title": "\"before all\" hook in \"Tugas Sesi 9 - Web UI Automation Fundamental\"",
              "fullTitle": "Tugas Sesi 9 - Web UI Automation Fundamental \"before all\" hook in \"Tugas Sesi 9 - Web UI Automation Fundamental\"",
              "timedOut": false,
              "duration": 862,
              "state": null,
              "speed": null,
              "pass": false,
              "fail": false,
              "pending": false,
              "context": null,
              "code": "driver = await new Builder().forBrowser('chrome').build();\nawait driver.manage().window().maximize();",
              "err": {},
              "uuid": "f7ec9f3c-b4f5-41e5-b97e-b2cb7d861518",
              "parentUUID": "ddc21a3f-737c-43bf-a77c-0767f5ce7056",
              "isHook": true,
              "skipped": false
            },
            {
              "title": "\"before each\" hook in \"Tugas Sesi 9 - Web UI Automation Fundamental\"",
              "fullTitle": "Tugas Sesi 9 - Web UI Automation Fundamental \"before each\" hook in \"Tugas Sesi 9 - Web UI Automation Fundamental\"",
              "timedOut": false,
              "duration": 15,
              "state": null,
              "speed": null,
              "pass": false,
              "fail": false,
              "pending": false,
              "context": null,
              "code": "console.log(`\\n>>> Memulai Test Case: \"${this.currentTest.title}\"`);",
              "err": {},
              "uuid": "e1215fe8-71d7-4d84-a5a8-6222cfc37274",
              "parentUUID": "ddc21a3f-737c-43bf-a77c-0767f5ce7056",
              "isHook": true,
              "skipped": false
            }
          ],
          "afterHooks": [
            {
              "title": "\"after all\" hook in \"Tugas Sesi 9 - Web UI Automation Fundamental\"",
              "fullTitle": "Tugas Sesi 9 - Web UI Automation Fundamental \"after all\" hook in \"Tugas Sesi 9 - Web UI Automation Fundamental\"",
              "timedOut": false,
              "duration": 3452,
              "state": null,
              "speed": null,
              "pass": false,
              "fail": false,
              "pending": false,
              "context": null,
              "code": "await driver.sleep(3000);\nawait driver.quit();",
              "err": {},
              "uuid": "bc7dabf0-00e4-4f0d-b107-8d859286b2a9",
              "parentUUID": "ddc21a3f-737c-43bf-a77c-0767f5ce7056",
              "isHook": true,
              "skipped": false
            },
            {
              "title": "\"after each\" hook in \"Tugas Sesi 9 - Web UI Automation Fundamental\"",
              "fullTitle": "Tugas Sesi 9 - Web UI Automation Fundamental \"after each\" hook in \"Tugas Sesi 9 - Web UI Automation Fundamental\"",
              "timedOut": false,
              "duration": 1011,
              "state": null,
              "speed": null,
              "pass": false,
              "fail": false,
              "pending": false,
              "context": null,
              "code": "await driver.sleep(1000); \nconsole.log(`<<< Selesai Test Case: \"${this.currentTest.title}\"`);",
              "err": {},
              "uuid": "89e5e911-f454-43be-bb03-c18c1c295364",
              "parentUUID": "ddc21a3f-737c-43bf-a77c-0767f5ce7056",
              "isHook": true,
              "skipped": false
            }
          ],
          "tests": [
            {
              "title": "Harus sukses login dengan standard_user",
              "fullTitle": "Tugas Sesi 9 - Web UI Automation Fundamental Harus sukses login dengan standard_user",
              "timedOut": false,
              "duration": 943,
              "state": "passed",
              "speed": "slow",
              "pass": true,
              "fail": false,
              "pending": false,
              "context": null,
              "code": "await driver.get('https://www.saucedemo.com');\nawait driver.findElement(By.id('user-name')).sendKeys('standard_user');\nawait driver.findElement(By.id('password')).sendKeys('secret_sauce');\nawait driver.findElement(By.id('login-button')).click();\nlet titleElement = await driver.findElement(By.className('title'));\nlet titleText = await titleElement.getText();\nassert.strictEqual(titleText, 'Products');",
              "err": {},
              "uuid": "eedb85b7-9c2e-41a1-bf8f-357b44358ada",
              "parentUUID": "ddc21a3f-737c-43bf-a77c-0767f5ce7056",
              "isHook": false,
              "skipped": false
            },
            {
              "title": "Harus berhasil mengurutkan produk dari Z-A",
              "fullTitle": "Tugas Sesi 9 - Web UI Automation Fundamental Harus berhasil mengurutkan produk dari Z-A",
              "timedOut": false,
              "duration": 196,
              "state": "passed",
              "speed": "slow",
              "pass": true,
              "fail": false,
              "pending": false,
              "context": null,
              "code": "let sortDropdown = await driver.findElement(By.className('product_sort_container'));\nawait sortDropdown.click();\nawait driver.findElement(By.css('option[value=\"za\"]')).click();\nlet firstItem = await driver.findElement(By.css('.inventory_item_name')).getText();\nconsole.log(`    (Info: Barang teratas adalah '${firstItem}')`); // Log tambahan\nassert.strictEqual(firstItem, 'Test.allTheThings() T-Shirt (Red)');",
              "err": {},
              "uuid": "3fa7f9d2-54ef-4d07-899a-3d8263f0d344",
              "parentUUID": "ddc21a3f-737c-43bf-a77c-0767f5ce7056",
              "isHook": false,
              "skipped": false
            }
          ],
          "suites": [],
          "passes": [
            "eedb85b7-9c2e-41a1-bf8f-357b44358ada",
            "3fa7f9d2-54ef-4d07-899a-3d8263f0d344"
          ],
          "failures": [],
          "pending": [],
          "skipped": [],
          "duration": 1139,
          "root": false,
          "rootEmpty": false,
          "_timeout": 30000
        }
      ],
      "passes": [],
      "failures": [],
      "pending": [],
      "skipped": [],
      "duration": 0,
      "root": true,
      "rootEmpty": true,
      "_timeout": 2000
    }
  ],
  "meta": {
    "mocha": {
      "version": "11.7.5"
    },
    "mochawesome": {
      "options": {
        "quiet": false,
        "reportFilename": "mochawesome",
        "saveHtml": true,
        "saveJson": true,
        "consoleReporter": "spec",
        "useInlineDiffs": false,
        "code": true
      },
      "version": "7.1.4"
    },
    "marge": {
      "options": null,
      "version": "6.3.2"
    }
  }
}